<?xml version="1.0" encoding="UTF-8"?>
<!-- Generated by org.testng.reporters.JUnitReportReporter -->
<testsuite hostname="LAPTOP-T7PI7EN2" failures="0" tests="1" name="testcases.AmazonForgetPwd" time="15.298" errors="0" timestamp="2024-02-23T18:34:06 IST" skipped="0">
  <testcase classname="testcases.AmazonForgetPwd" name="forget" time="15.298"/>
  <system-out/>
</testsuite> <!-- testcases.AmazonForgetPwd -->
