<?xml version="1.0" encoding="UTF-8"?>
<!-- Generated by org.testng.reporters.JUnitReportReporter -->
<testsuite hostname="LAPTOP-T7PI7EN2" failures="0" tests="3" name="testcases.AmazonLogin" time="87.134" errors="0" timestamp="2024-02-23T18:34:06 IST" skipped="0">
  <testcase classname="testcases.AmazonLogin" name="login" time="24.877"/>
  <system-out/>
  <testcase classname="testcases.AmazonLogin" name="login" time="46.973"/>
  <system-out/>
  <testcase classname="testcases.AmazonLogin" name="login" time="15.284"/>
  <system-out/>
</testsuite> <!-- testcases.AmazonLogin -->
